<?xml version="1.0" encoding="UTF-8"?>
<!-- Generated by org.testng.reporters.JUnitReportReporter -->
<testsuite hostname="DESKTOP-QMSQO3B" failures="0" tests="3" name="com.telus.registerdemo.RegisterDemoFlow" time="9.468" errors="0" timestamp="2022-07-25T17:05:12 IST" skipped="0">
  <testcase classname="com.telus.registerdemo.RegisterDemoFlow" name="navigateToRegistrationForm" time="2.205"/>
  <system-out/>
  <testcase classname="com.telus.registerdemo.RegisterDemoFlow" name="registerForDemo" time="6.937"/>
  <system-out/>
  <testcase classname="com.telus.registerdemo.RegisterDemoFlow" name="validateSuccessfulMsg" time="0.326"/>
  <system-out/>
</testsuite> <!-- com.telus.registerdemo.RegisterDemoFlow -->
