<?xml version="1.0" encoding="UTF-8"?>
<!-- Generated by org.testng.reporters.JUnitReportReporter -->
<testsuite hostname="DESKTOP-QMSQO3B" failures="0" tests="3" name="com.telus.registerdemo.RegisterDemoFlow" time="12.830" errors="0" timestamp="2022-09-05T00:36:39 IST" skipped="0">
  <testcase classname="com.telus.registerdemo.RegisterDemoFlow" name="navigateToRegistrationForm" time="4.017"/>
  <system-out/>
  <testcase classname="com.telus.registerdemo.RegisterDemoFlow" name="registerForDemo" time="8.699"/>
  <system-out/>
  <testcase classname="com.telus.registerdemo.RegisterDemoFlow" name="validateSuccessfulMsg" time="0.114"/>
  <system-out/>
</testsuite> <!-- com.telus.registerdemo.RegisterDemoFlow -->
